




arguments: /home/luke/Projects/montithings/core/services/log-tracing/cmake-build-debug/bin/logtracer_middleware --DCPSConfigFile dcpsconfig.ini
Current dir: /home/luke/Projects/montithings/core/services/log-tracing
File verbosity level: 9
20:18:50.692 (   0.006s) | Logging to 'everything.log', mode: 'a', verbosity: 9
20:18:50.692 (   0.006s) | Logging to 'latest_readable.log', mode: 'w', verbosity: 0
20:18:50.693 (   0.007s) | Initializing...





arguments: /home/luke/Projects/montithings/core/services/log-tracing/cmake-build-debug/bin/logtracer_middleware --DCPSConfigFile dcpsconfig.ini
Current dir: /home/luke/Projects/montithings/core/services/log-tracing
File verbosity level: 9
20:19:07.494 (   0.006s) | Logging to 'everything.log', mode: 'a', verbosity: 9
20:19:07.494 (   0.006s) | Logging to 'latest_readable.log', mode: 'w', verbosity: 0
20:19:07.495 (   0.007s) | Initializing...





arguments: /home/luke/Projects/montithings/core/services/log-tracing/cmake-build-debug/bin/logtracer_middleware --DCPSConfigFile dcpsconfig.ini
Current dir: /home/luke/Projects/montithings/core/services/log-tracing
File verbosity level: 9
20:20:41.680 (   0.005s) | Logging to 'everything.log', mode: 'a', verbosity: 9
20:20:41.680 (   0.005s) | Logging to 'latest_readable.log', mode: 'w', verbosity: 0
20:20:41.680 (   0.006s) | Initializing...





arguments: /home/luke/Projects/montithings/core/services/log-tracing/cmake-build-debug/bin/logtracer_middleware --DCPSConfigFile dcpsconfig.ini
Current dir: /home/luke/Projects/montithings/core/services/log-tracing
File verbosity level: 9
20:22:29.815 (   0.005s) | Logging to 'everything.log', mode: 'a', verbosity: 9
20:22:29.815 (   0.006s) | Logging to 'latest_readable.log', mode: 'w', verbosity: 0
20:22:29.816 (   0.006s) | Initializing...
Stack trace:
6       0x56001363392e /home/luke/Projects/montithings/core/services/log-tracing/cmake-build-debug/bin/logtracer_middleware(+0x9a92e) [0x56001363392e]
5       0x7f1f346950b3 __libc_start_main + 243
4       0x5600136c26f9 /home/luke/Projects/montithings/core/services/log-tracing/cmake-build-debug/bin/logtracer_middleware(+0x1296f9) [0x5600136c26f9]
3       0x560013748d99 /home/luke/Projects/montithings/core/services/log-tracing/cmake-build-debug/bin/logtracer_middleware(+0x1afd99) [0x560013748d99]
2       0x56001374e6c2 /home/luke/Projects/montithings/core/services/log-tracing/cmake-build-debug/bin/logtracer_middleware(+0x1b56c2) [0x56001374e6c2]
1       0x7f1f348753c0 /lib/x86_64-linux-gnu/libpthread.so.0(+0x153c0) [0x7f1f348753c0]
0       0x560013641e15 /home/luke/Projects/montithings/core/services/log-tracing/cmake-build-debug/bin/logtracer_middleware(+0xa8e15) [0x560013641e15]
20:22:33.912 (   4.102s) | Signal: SIGSEGV





arguments: /home/luke/Projects/montithings/core/services/log-tracing/cmake-build-debug/bin/logtracer_middleware --DCPSConfigFile dcpsconfig.ini
Current dir: /home/luke/Projects/montithings/core/services/log-tracing
File verbosity level: 9
20:23:55.321 (   0.006s) | Logging to 'everything.log', mode: 'a', verbosity: 9
20:23:55.321 (   0.006s) | Logging to 'latest_readable.log', mode: 'w', verbosity: 0
20:23:55.322 (   0.006s) | Initializing...
Stack trace:
6       0x55ffc25a892e /home/luke/Projects/montithings/core/services/log-tracing/cmake-build-debug/bin/logtracer_middleware(+0x9a92e) [0x55ffc25a892e]
5       0x7fe3c470e0b3 __libc_start_main + 243
4       0x55ffc26376f9 /home/luke/Projects/montithings/core/services/log-tracing/cmake-build-debug/bin/logtracer_middleware(+0x1296f9) [0x55ffc26376f9]
3       0x55ffc26bdd99 /home/luke/Projects/montithings/core/services/log-tracing/cmake-build-debug/bin/logtracer_middleware(+0x1afd99) [0x55ffc26bdd99]
2       0x55ffc26c36c2 /home/luke/Projects/montithings/core/services/log-tracing/cmake-build-debug/bin/logtracer_middleware(+0x1b56c2) [0x55ffc26c36c2]
1       0x7fe3c48ee3c0 /lib/x86_64-linux-gnu/libpthread.so.0(+0x153c0) [0x7fe3c48ee3c0]
0       0x55ffc25b6e15 /home/luke/Projects/montithings/core/services/log-tracing/cmake-build-debug/bin/logtracer_middleware(+0xa8e15) [0x55ffc25b6e15]
20:24:02.925 (   7.610s) | Signal: SIGSEGV





arguments: /home/luke/Projects/montithings/core/services/log-tracing/cmake-build-debug/bin/logtracer_middleware --DCPSConfigFile dcpsconfig.ini
Current dir: /home/luke/Projects/montithings/core/services/log-tracing
File verbosity level: 9
20:25:07.037 (   0.006s) | Logging to 'everything.log', mode: 'a', verbosity: 9
20:25:07.037 (   0.006s) | Logging to 'latest_readable.log', mode: 'w', verbosity: 0
20:25:07.038 (   0.006s) | Initializing...





arguments: /home/luke/Projects/montithings/core/services/log-tracing/cmake-build-debug/bin/logtracer_middleware --DCPSConfigFile dcpsconfig.ini
Current dir: /home/luke/Projects/montithings/core/services/log-tracing
File verbosity level: 9
20:27:41.017 (   0.006s) | Logging to 'everything.log', mode: 'a', verbosity: 9
20:27:41.017 (   0.006s) | Logging to 'latest_readable.log', mode: 'w', verbosity: 0
20:27:41.018 (   0.006s) | Initializing...





arguments: /home/luke/Projects/montithings/core/services/log-tracing/cmake-build-debug/bin/logtracer_middleware --DCPSConfigFile dcpsconfig.ini
Current dir: /home/luke/Projects/montithings/core/services/log-tracing
File verbosity level: 9
20:34:53.527 (   0.006s) | Logging to 'everything.log', mode: 'a', verbosity: 9
20:34:53.527 (   0.006s) | Logging to 'latest_readable.log', mode: 'w', verbosity: 0
20:34:53.528 (   0.007s) | Initializing...





arguments: /home/luke/Projects/montithings/core/services/log-tracing/cmake-build-debug/bin/logtracer_middleware --DCPSConfigFile dcpsconfig.ini
Current dir: /home/luke/Projects/montithings/core/services/log-tracing
File verbosity level: 9
20:51:55.067 (   0.005s) | Logging to 'everything.log', mode: 'a', verbosity: 9
20:51:55.068 (   0.005s) | Logging to 'latest_readable.log', mode: 'w', verbosity: 0
20:51:55.068 (   0.006s) | Initializing...
Stack trace:
6       0x55dfc157b92e /home/luke/Projects/montithings/core/services/log-tracing/cmake-build-debug/bin/logtracer_middleware(+0x9a92e) [0x55dfc157b92e]
5       0x7fc9ba0490b3 __libc_start_main + 243
4       0x55dfc160a6f9 /home/luke/Projects/montithings/core/services/log-tracing/cmake-build-debug/bin/logtracer_middleware(+0x1296f9) [0x55dfc160a6f9]
3       0x55dfc1690dae /home/luke/Projects/montithings/core/services/log-tracing/cmake-build-debug/bin/logtracer_middleware(+0x1afdae) [0x55dfc1690dae]
2       0x55dfc1696b9b /home/luke/Projects/montithings/core/services/log-tracing/cmake-build-debug/bin/logtracer_middleware(+0x1b5b9b) [0x55dfc1696b9b]
1       0x7fc9ba2293c0 /lib/x86_64-linux-gnu/libpthread.so.0(+0x153c0) [0x7fc9ba2293c0]
0       0x55dfc1589e15 /home/luke/Projects/montithings/core/services/log-tracing/cmake-build-debug/bin/logtracer_middleware(+0xa8e15) [0x55dfc1589e15]
20:52:00.547 (   5.485s) | Signal: SIGSEGV





arguments: /home/luke/Projects/montithings/core/services/log-tracing/cmake-build-debug/bin/logtracer_middleware --DCPSConfigFile dcpsconfig.ini
Current dir: /home/luke/Projects/montithings/core/services/log-tracing
File verbosity level: 9
21:00:22.027 (   0.009s) | Logging to 'everything.log', mode: 'a', verbosity: 9
21:00:22.027 (   0.009s) | Logging to 'latest_readable.log', mode: 'w', verbosity: 0
21:00:22.028 (   0.010s) | Initializing...
Stack trace:
6       0x558c125dd92e /home/luke/Projects/montithings/core/services/log-tracing/cmake-build-debug/bin/logtracer_middleware(+0x9a92e) [0x558c125dd92e]
5       0x7fb8fdb5b0b3 __libc_start_main + 243
4       0x558c1266c6f9 /home/luke/Projects/montithings/core/services/log-tracing/cmake-build-debug/bin/logtracer_middleware(+0x1296f9) [0x558c1266c6f9]
3       0x558c126f2dae /home/luke/Projects/montithings/core/services/log-tracing/cmake-build-debug/bin/logtracer_middleware(+0x1afdae) [0x558c126f2dae]
2       0x558c126f8b59 /home/luke/Projects/montithings/core/services/log-tracing/cmake-build-debug/bin/logtracer_middleware(+0x1b5b59) [0x558c126f8b59]
1       0x7fb8fdd3b3c0 /lib/x86_64-linux-gnu/libpthread.so.0(+0x153c0) [0x7fb8fdd3b3c0]
0       0x558c125ebe15 /home/luke/Projects/montithings/core/services/log-tracing/cmake-build-debug/bin/logtracer_middleware(+0xa8e15) [0x558c125ebe15]
21:00:44.388 (  22.370s) | Signal: SIGSEGV





arguments: /home/luke/Projects/montithings/core/services/log-tracing/cmake-build-debug/bin/logtracer_middleware --DCPSConfigFile dcpsconfig.ini
Current dir: /home/luke/Projects/montithings/core/services/log-tracing
File verbosity level: 9
21:10:50.355 (   0.006s) | Logging to 'everything.log', mode: 'a', verbosity: 9
21:10:50.355 (   0.006s) | Logging to 'latest_readable.log', mode: 'w', verbosity: 0
21:10:50.356 (   0.007s) | Initializing...
21:10:57.100 (   6.751s) | atexit





arguments: /home/luke/Projects/montithings/core/services/log-tracing/cmake-build-debug/bin/logtracer_middleware --DCPSConfigFile dcpsconfig.ini
Current dir: /home/luke/Projects/montithings/core/services/log-tracing
File verbosity level: 9
23:22:18.914 (   0.007s) | Logging to 'everything.log', mode: 'a', verbosity: 9
23:22:18.915 (   0.007s) | Logging to 'latest_readable.log', mode: 'w', verbosity: 0
23:22:18.915 (   0.007s) | Initializing...





arguments: /home/luke/Projects/montithings/core/services/log-tracing/cmake-build-debug/bin/logtracer_middleware --DCPSConfigFile dcpsconfig.ini
Current dir: /home/luke/Projects/montithings/core/services/log-tracing
File verbosity level: 9
23:26:57.838 (   0.006s) | Logging to 'everything.log', mode: 'a', verbosity: 9
23:26:57.838 (   0.006s) | Logging to 'latest_readable.log', mode: 'w', verbosity: 0
23:26:57.838 (   0.007s) | Initializing...





arguments: /home/luke/Projects/montithings/core/services/log-tracing/cmake-build-debug/bin/logtracer_middleware --DCPSConfigFile dcpsconfig.ini
Current dir: /home/luke/Projects/montithings/core/services/log-tracing
File verbosity level: 9
12:05:08.260 (   0.008s) | Logging to 'everything.log', mode: 'a', verbosity: 9
12:05:08.260 (   0.008s) | Logging to 'latest_readable.log', mode: 'w', verbosity: 0
12:05:08.261 (   0.009s) | Initializing...
12:05:43.000 (  34.748s) | Got response ...





arguments: /home/luke/Projects/montithings/core/services/log-tracing/cmake-build-debug/bin/logtracer_middleware --DCPSConfigFile dcpsconfig.ini
Current dir: /home/luke/Projects/montithings/core/services/log-tracing
File verbosity level: 9
12:32:23.716 (   0.035s) | Logging to 'everything.log', mode: 'a', verbosity: 9
12:32:23.716 (   0.035s) | Logging to 'latest_readable.log', mode: 'w', verbosity: 0
12:32:23.722 (   0.040s) | Initializing...
12:32:59.805 (  36.124s) | Got response ...
12:33:04.215 (  40.534s) | Got response ...
12:33:11.959 (  48.278s) | Got response ...





arguments: /home/luke/Projects/montithings/core/services/log-tracing/cmake-build-debug/bin/logtracer_middleware --DCPSConfigFile dcpsconfig.ini
Current dir: /home/luke/Projects/montithings/core/services/log-tracing
File verbosity level: 9
12:33:35.023 (   0.007s) | Logging to 'everything.log', mode: 'a', verbosity: 9
12:33:35.023 (   0.007s) | Logging to 'latest_readable.log', mode: 'w', verbosity: 0
12:33:35.024 (   0.008s) | Initializing...
12:33:38.715 (   3.699s) | Got response ...
12:33:45.614 (  10.597s) | Got response ...





arguments: /home/luke/Projects/montithings/core/services/log-tracing/cmake-build-debug/bin/logtracer_middleware --DCPSConfigFile dcpsconfig.ini
Current dir: /home/luke/Projects/montithings/core/services/log-tracing
File verbosity level: 9
12:54:07.979 (   0.013s) | Logging to 'everything.log', mode: 'a', verbosity: 9
12:54:07.979 (   0.013s) | Logging to 'latest_readable.log', mode: 'w', verbosity: 0
12:54:07.982 (   0.015s) | Initializing...
12:54:24.245 (  16.279s) | Got response ...
12:54:25.906 (  17.940s) | Got response ...
12:54:27.240 (  19.273s) | Got response ...





arguments: /home/luke/Projects/montithings/core/services/log-tracing/cmake-build-debug/bin/logtracer_middleware --DCPSConfigFile dcpsconfig.ini
Current dir: /home/luke/Projects/montithings/core/services/log-tracing
File verbosity level: 9
12:57:17.653 (   0.007s) | Logging to 'everything.log', mode: 'a', verbosity: 9
12:57:17.654 (   0.007s) | Logging to 'latest_readable.log', mode: 'w', verbosity: 0
12:57:17.655 (   0.008s) | Initializing...





arguments: /home/luke/Projects/montithings/core/services/log-tracing/cmake-build-debug/bin/logtracer_middleware --DCPSConfigFile dcpsconfig.ini
Current dir: /home/luke/Projects/montithings/core/services/log-tracing
File verbosity level: 9
13:36:14.505 (   0.015s) | Logging to 'everything.log', mode: 'a', verbosity: 9
13:36:14.505 (   0.015s) | Logging to 'latest_readable.log', mode: 'w', verbosity: 0
13:36:14.506 (   0.016s) | Initializing...
13:36:18.485 (   3.995s) | Got response ...
13:36:20.257 (   5.767s) | Got response ...
13:36:34.079 (  19.589s) | Got response ...
13:37:01.812 (  47.322s) | Got response ...





arguments: /home/luke/Projects/montithings/core/services/log-tracing/cmake-build-debug/bin/logtracer_middleware --DCPSConfigFile dcpsconfig.ini
Current dir: /home/luke/Projects/montithings/core/services/log-tracing
File verbosity level: 9
13:38:11.099 (   0.007s) | Logging to 'everything.log', mode: 'a', verbosity: 9
13:38:11.099 (   0.007s) | Logging to 'latest_readable.log', mode: 'w', verbosity: 0
13:38:11.101 (   0.008s) | Initializing...
13:38:15.616 (   4.523s) | Got response ...
13:38:16.921 (   5.829s) | Got response ...





arguments: /home/luke/Projects/montithings/core/services/log-tracing/cmake-build-debug/bin/logtracer_middleware --DCPSConfigFile dcpsconfig.ini
Current dir: /home/luke/Projects/montithings/core/services/log-tracing
File verbosity level: 9
13:41:36.884 (   0.006s) | Logging to 'everything.log', mode: 'a', verbosity: 9
13:41:36.884 (   0.006s) | Logging to 'latest_readable.log', mode: 'w', verbosity: 0
13:41:36.884 (   0.007s) | Initializing...
13:41:45.232 (   8.355s) | Got response ...
13:41:46.463 (   9.586s) | Got response ...
13:44:07.025 ( 150.148s) | Got response ...
13:44:08.437 ( 151.559s) | Got response ...
13:46:55.421 ( 318.543s) | Got response ...
13:46:56.937 ( 320.059s) | Got response ...
13:47:15.325 ( 338.447s) | Got response ...
13:47:15.740 ( 338.862s) | Got response ...
13:47:17.247 ( 340.370s) | Got response ...
13:48:51.939 ( 435.061s) | Got response ...
13:48:53.589 ( 436.711s) | Got response ...
13:50:21.779 ( 524.902s) | Got response ...





arguments: /home/luke/Projects/montithings/core/services/log-tracing/cmake-build-debug/bin/logtracer_middleware --DCPSConfigFile dcpsconfig.ini
Current dir: /home/luke/Projects/montithings/core/services/log-tracing
File verbosity level: 9
14:02:03.720 (   0.024s) | Logging to 'everything.log', mode: 'a', verbosity: 9
14:02:03.722 (   0.026s) | Logging to 'latest_readable.log', mode: 'w', verbosity: 0
14:02:03.727 (   0.031s) | Initializing...





arguments: /home/luke/Projects/montithings/core/services/log-tracing/cmake-build-debug/bin/logtracer_middleware --DCPSConfigFile dcpsconfig.ini
Current dir: /home/luke/Projects/montithings/core/services/log-tracing
File verbosity level: 9
14:19:28.593 (   0.013s) | Logging to 'everything.log', mode: 'a', verbosity: 9
14:19:28.594 (   0.013s) | Logging to 'latest_readable.log', mode: 'w', verbosity: 0
14:19:28.595 (   0.015s) | Initializing...
14:19:39.421 (  10.840s) | Got response ...
14:19:40.184 (  11.604s) | Got response ...
14:19:41.367 (  12.787s) | Got response ...
14:19:41.737 (  13.157s) | Got response ...
14:19:42.109 (  13.529s) | Got response ...
14:19:43.790 (  15.209s) | Got response ...
14:19:44.463 (  15.883s) | Got response ...
14:19:44.896 (  16.315s) | Got response ...
14:22:43.781 ( 195.201s) | Got response ...
14:22:45.241 ( 196.661s) | Got response ...
14:22:48.753 ( 200.173s) | Got response ...
14:22:49.610 ( 201.029s) | Got response ...
14:22:50.944 ( 202.363s) | Got response ...
14:22:53.156 ( 204.576s) | Got response ...
14:22:53.564 ( 204.984s) | Got response ...
14:22:54.242 ( 205.662s) | Got response ...
14:22:56.238 ( 207.658s) | Got response ...
14:22:59.157 ( 210.576s) | Got response ...
14:23:00.265 ( 211.685s) | Got response ...
14:23:01.928 ( 213.348s) | Got response ...
14:23:29.748 ( 241.167s) | Got response ...
14:23:32.326 ( 243.746s) | Got response ...
14:23:33.182 ( 244.602s) | Got response ...
14:23:33.785 ( 245.205s) | Got response ...
14:23:34.338 ( 245.757s) | Got response ...
14:23:34.824 ( 246.244s) | Got response ...
14:23:35.442 ( 246.862s) | Got response ...
14:23:36.019 ( 247.439s) | Got response ...
14:23:36.758 ( 248.177s) | Got response ...
14:23:37.446 ( 248.866s) | Got response ...
14:23:38.229 ( 249.649s) | Got response ...
14:23:38.755 ( 250.175s) | Got response ...
14:23:39.235 ( 250.655s) | Got response ...
14:23:39.657 ( 251.076s) | Got response ...
14:23:40.306 ( 251.725s) | Got response ...
14:23:41.088 ( 252.507s) | Got response ...
14:23:42.561 ( 253.981s) | Got response ...
14:23:43.187 ( 254.607s) | Got response ...
14:23:43.676 ( 255.096s) | Got response ...
14:23:44.170 ( 255.590s) | Got response ...
14:23:44.628 ( 256.047s) | Got response ...
14:23:45.115 ( 256.535s) | Got response ...
14:23:45.666 ( 257.085s) | Got response ...
14:23:49.744 ( 261.164s) | Got response ...
14:23:51.192 ( 262.612s) | Got response ...
14:23:51.234 ( 262.654s) | Got response ...
14:23:53.404 ( 264.824s) | Got response ...





arguments: /home/luke/Projects/montithings/core/services/log-tracing/cmake-build-debug/bin/logtracer_middleware --DCPSConfigFile dcpsconfig.ini
Current dir: /home/luke/Projects/montithings/core/services/log-tracing
File verbosity level: 9
14:24:29.986 (   0.006s) | Logging to 'everything.log', mode: 'a', verbosity: 9
14:24:29.986 (   0.006s) | Logging to 'latest_readable.log', mode: 'w', verbosity: 0
14:24:29.987 (   0.007s) | Initializing...
14:24:42.900 (  12.920s) | Got response ...





arguments: /home/luke/Projects/montithings/core/services/log-tracing/cmake-build-debug/bin/logtracer_middleware --DCPSConfigFile dcpsconfig.ini
Current dir: /home/luke/Projects/montithings/core/services/log-tracing
File verbosity level: 9
14:25:06.847 (   0.007s) | Logging to 'everything.log', mode: 'a', verbosity: 9
14:25:06.847 (   0.007s) | Logging to 'latest_readable.log', mode: 'w', verbosity: 0
14:25:06.847 (   0.007s) | Initializing...
14:25:25.943 (  19.104s) | Got response ...
14:25:26.896 (  20.056s) | Got response ...
14:25:27.600 (  20.760s) | Got response ...
14:25:28.467 (  21.627s) | Got response ...
14:25:29.777 (  22.937s) | Got response ...
14:25:30.672 (  23.832s) | Got response ...
14:25:31.280 (  24.440s) | Got response ...
14:28:03.959 ( 177.120s) | Got response ...
14:28:06.319 ( 179.479s) | Got response ...
14:28:07.484 ( 180.644s) | Got response ...
14:28:08.487 ( 181.648s) | Got response ...
14:28:09.403 ( 182.563s) | Got response ...
14:28:10.148 ( 183.308s) | Got response ...
14:28:10.640 ( 183.800s) | Got response ...
14:28:11.060 ( 184.220s) | Got response ...
14:28:11.491 ( 184.651s) | Got response ...
14:28:12.014 ( 185.174s) | Got response ...
14:28:12.362 ( 185.522s) | Got response ...
14:28:12.764 ( 185.924s) | Got response ...
14:28:13.261 ( 186.422s) | Got response ...
14:28:15.293 ( 188.453s) | Got response ...
14:28:23.801 ( 196.961s) | Got response ...
14:28:24.465 ( 197.625s) | Got response ...
14:28:25.128 ( 198.289s) | Got response ...
14:28:25.767 ( 198.927s) | Got response ...
14:28:26.294 ( 199.454s) | Got response ...
14:28:27.426 ( 200.586s) | Got response ...
14:28:28.032 ( 201.192s) | Got response ...
14:28:28.847 ( 202.007s) | Got response ...
14:28:29.569 ( 202.729s) | Got response ...
14:28:30.138 ( 203.298s) | Got response ...
14:33:25.696 ( 498.856s) | Got response ...
14:33:57.256 ( 530.416s) | Got response ...
14:34:01.442 ( 534.602s) | Got response ...
14:34:05.409 ( 538.569s) | Got response ...
14:34:06.017 ( 539.178s) | Got response ...
14:35:17.745 ( 610.905s) | Got response ...
14:35:21.186 ( 614.346s) | Got response ...
14:36:16.819 ( 669.979s) | Got response ...
14:36:18.613 ( 671.773s) | Got response ...
14:36:19.607 ( 672.767s) | Got response ...
14:36:35.116 ( 688.276s) | Got response ...
14:36:36.143 ( 689.303s) | Got response ...
14:36:40.697 ( 693.858s) | Got response ...
14:36:45.832 ( 698.992s) | Got response ...
14:36:46.968 ( 700.128s) | Got response ...
14:36:54.110 ( 707.271s) | Got response ...
14:37:03.117 ( 716.278s) | Got response ...
14:37:04.575 ( 717.735s) | Got response ...
14:37:15.238 ( 728.398s) | Got response ...
14:37:23.507 ( 736.667s) | Got response ...
14:38:41.839 ( 814.999s) | Got response ...
14:38:43.636 ( 816.796s) | Got response ...
14:38:44.436 ( 817.596s) | Got response ...
14:55:20.428 (1813.588s) | Got response ...
14:55:22.288 (1815.448s) | Got response ...
14:55:39.735 (1832.895s) | Got response ...
14:56:05.520 (1858.680s) | Got response ...
00:27:36.626 (4342.492s) | Got response ...
00:27:37.080 (4342.945s) | Got response ...
